# JRE version: OpenJDK Runtime Environment (7.0_79-b14) (build 1.7.0_79-b14)
# Java VM: OpenJDK 64-Bit Server VM (24.79-b02 mixed mode linux-amd64 compressed oops)
Heap
 PSYoungGen      total 130048K, used 75213K [0x00000007d7700000, 0x00000007dfb00000, 0x0000000800000000)
  eden space 124928K, 56% used [0x00000007d7700000,0x00000007dbb74840,0x00000007df100000)
  from space 5120K, 99% used [0x00000007df600000,0x00000007dfafeef8,0x00000007dfb00000)
  to   space 5120K, 0% used [0x00000007df100000,0x00000007df100000,0x00000007df600000)
 ParOldGen       total 82944K, used 46716K [0x0000000786600000, 0x000000078b700000, 0x00000007d7700000)
  object space 82944K, 56% used [0x0000000786600000,0x000000078939f190,0x000000078b700000)
 PSPermGen       total 21504K, used 13425K [0x000000077c000000, 0x000000077d500000, 0x0000000786600000)
  object space 21504K, 62% used [0x000000077c000000,0x000000077cd1c500,0x000000077d500000)
GC Heap History (8 events):
Event: 0.927 GC heap before
{Heap before GC invocations=1 (full 0):
 PSYoungGen      total 36352K, used 31232K [0x00000007d7700000, 0x00000007d9f80000, 0x0000000800000000)
  eden space 31232K, 100% used [0x00000007d7700000,0x00000007d9580000,0x00000007d9580000)
  from space 5120K, 0% used [0x00000007d9a80000,0x00000007d9a80000,0x00000007d9f80000)
  to   space 5120K, 0% used [0x00000007d9580000,0x00000007d9580000,0x00000007d9a80000)
 ParOldGen       total 82944K, used 0K [0x0000000786600000, 0x000000078b700000, 0x00000007d7700000)
  object space 82944K, 0% used [0x0000000786600000,0x0000000786600000,0x000000078b700000)
 PSPermGen       total 21504K, used 7657K [0x000000077c000000, 0x000000077d500000, 0x0000000786600000)
  object space 21504K, 35% used [0x000000077c000000,0x000000077c77a470,0x000000077d500000)
Event: 0.951 GC heap after
Heap after GC invocations=1 (full 0):
 PSYoungGen      total 36352K, used 5096K [0x00000007d7700000, 0x00000007dbe00000, 0x0000000800000000)
  eden space 31232K, 0% used [0x00000007d7700000,0x00000007d7700000,0x00000007d9580000)
  from space 5120K, 99% used [0x00000007d9580000,0x00000007d9a7a1b8,0x00000007d9a80000)
  to   space 5120K, 0% used [0x00000007db900000,0x00000007db900000,0x00000007dbe00000)
 ParOldGen       total 82944K, used 10028K [0x0000000786600000, 0x000000078b700000, 0x00000007d7700000)
  object space 82944K, 12% used [0x0000000786600000,0x0000000786fcb190,0x000000078b700000)
 PSPermGen       total 21504K, used 7657K [0x000000077c000000, 0x000000077d500000, 0x0000000786600000)
  object space 21504K, 35% used [0x000000077c000000,0x000000077c77a470,0x000000077d500000)
}
Event: 1.164 GC heap before
{Heap before GC invocations=2 (full 0):
 PSYoungGen      total 36352K, used 36328K [0x00000007d7700000, 0x00000007dbe00000, 0x0000000800000000)
  eden space 31232K, 100% used [0x00000007d7700000,0x00000007d9580000,0x00000007d9580000)
  from space 5120K, 99% used [0x00000007d9580000,0x00000007d9a7a1b8,0x00000007d9a80000)
  to   space 5120K, 0% used [0x00000007db900000,0x00000007db900000,0x00000007dbe00000)
 ParOldGen       total 82944K, used 10028K [0x0000000786600000, 0x000000078b700000, 0x00000007d7700000)
  object space 82944K, 12% used [0x0000000786600000,0x0000000786fcb190,0x000000078b700000)
 PSPermGen       total 21504K, used 7698K [0x000000077c000000, 0x000000077d500000, 0x0000000786600000)
  object space 21504K, 35% used [0x000000077c000000,0x000000077c784b08,0x000000077d500000)
Event: 1.204 GC heap after
Heap after GC invocations=2 (full 0):
 PSYoungGen      total 67584K, used 5114K [0x00000007d7700000, 0x00000007dbe00000, 0x0000000800000000)
  eden space 62464K, 0% used [0x00000007d7700000,0x00000007d7700000,0x00000007db400000)
  from space 5120K, 99% used [0x00000007db900000,0x00000007dbdfe888,0x00000007dbe00000)
  to   space 5120K, 0% used [0x00000007db400000,0x00000007db400000,0x00000007db900000)
 ParOldGen       total 82944K, used 23732K [0x0000000786600000, 0x000000078b700000, 0x00000007d7700000)
  object space 82944K, 28% used [0x0000000786600000,0x0000000787d2d190,0x000000078b700000)
 PSPermGen       total 21504K, used 7698K [0x000000077c000000, 0x000000077d500000, 0x0000000786600000)
  object space 21504K, 35% used [0x000000077c000000,0x000000077c784b08,0x000000077d500000)
}
Event: 1.411 GC heap before
{Heap before GC invocations=3 (full 0):
 PSYoungGen      total 67584K, used 67578K [0x00000007d7700000, 0x00000007dbe00000, 0x0000000800000000)
  eden space 62464K, 100% used [0x00000007d7700000,0x00000007db400000,0x00000007db400000)
  from space 5120K, 99% used [0x00000007db900000,0x00000007dbdfe888,0x00000007dbe00000)
  to   space 5120K, 0% used [0x00000007db400000,0x00000007db400000,0x00000007db900000)
 ParOldGen       total 82944K, used 23732K [0x0000000786600000, 0x000000078b700000, 0x00000007d7700000)
  object space 82944K, 28% used [0x0000000786600000,0x0000000787d2d190,0x000000078b700000)
 PSPermGen       total 21504K, used 7809K [0x000000077c000000, 0x000000077d500000, 0x0000000786600000)
  object space 21504K, 36% used [0x000000077c000000,0x000000077c7a0668,0x000000077d500000)
Event: 1.420 GC heap after
Heap after GC invocations=3 (full 0):
 PSYoungGen      total 67584K, used 3769K [0x00000007d7700000, 0x00000007dfb00000, 0x0000000800000000)
  eden space 62464K, 0% used [0x00000007d7700000,0x00000007d7700000,0x00000007db400000)
  from space 5120K, 73% used [0x00000007db400000,0x00000007db7ae5a8,0x00000007db900000)
  to   space 5120K, 0% used [0x00000007df600000,0x00000007df600000,0x00000007dfb00000)
 ParOldGen       total 82944K, used 23740K [0x0000000786600000, 0x000000078b700000, 0x00000007d7700000)
  object space 82944K, 28% used [0x0000000786600000,0x0000000787d2f190,0x000000078b700000)
 PSPermGen       total 21504K, used 7809K [0x000000077c000000, 0x000000077d500000, 0x0000000786600000)
  object space 21504K, 36% used [0x000000077c000000,0x000000077c7a0668,0x000000077d500000)
}
Event: 1.543 GC heap before
{Heap before GC invocations=4 (full 0):
 PSYoungGen      total 67584K, used 66233K [0x00000007d7700000, 0x00000007dfb00000, 0x0000000800000000)
  eden space 62464K, 100% used [0x00000007d7700000,0x00000007db400000,0x00000007db400000)
  from space 5120K, 73% used [0x00000007db400000,0x00000007db7ae5a8,0x00000007db900000)
  to   space 5120K, 0% used [0x00000007df600000,0x00000007df600000,0x00000007dfb00000)
 ParOldGen       total 82944K, used 23740K [0x0000000786600000, 0x000000078b700000, 0x00000007d7700000)
  object space 82944K, 28% used [0x0000000786600000,0x0000000787d2f190,0x000000078b700000)
 PSPermGen       total 21504K, used 7810K [0x000000077c000000, 0x000000077d500000, 0x0000000786600000)
  object space 21504K, 36% used [0x000000077c000000,0x000000077c7a08f8,0x000000077d500000)
Event: 1.587 GC heap after
Heap after GC invocations=4 (full 0):
 PSYoungGen      total 130048K, used 5115K [0x00000007d7700000, 0x00000007dfb00000, 0x0000000800000000)
  eden space 124928K, 0% used [0x00000007d7700000,0x00000007d7700000,0x00000007df100000)
  from space 5120K, 99% used [0x00000007df600000,0x00000007dfafeef8,0x00000007dfb00000)
  to   space 5120K, 0% used [0x00000007df100000,0x00000007df100000,0x00000007df600000)
 ParOldGen       total 82944K, used 46716K [0x0000000786600000, 0x000000078b700000, 0x00000007d7700000)
  object space 82944K, 56% used [0x0000000786600000,0x000000078939f190,0x000000078b700000)
 PSPermGen       total 21504K, used 7810K [0x000000077c000000, 0x000000077d500000, 0x0000000786600000)
  object space 21504K, 36% used [0x000000077c000000,0x000000077c7a08f8,0x000000077d500000)
}

