# JRE version: OpenJDK Runtime Environment (7.0_79-b14) (build 1.7.0_79-b14)
# Java VM: OpenJDK 64-Bit Server VM (24.79-b02 mixed mode linux-amd64 compressed oops)
Heap
 PSYoungGen      total 68608K, used 53139K [0x00000007d7200000, 0x00000007df800000, 0x0000000800000000)
  eden space 63488K, 75% used [0x00000007d7200000,0x00000007da0ebaa0,0x00000007db000000)
  from space 5120K, 99% used [0x00000007db000000,0x00000007db4f9420,0x00000007db500000)
  to   space 5120K, 0% used [0x00000007df300000,0x00000007df300000,0x00000007df800000)
 ParOldGen       total 83456K, used 18377K [0x0000000785600000, 0x000000078a780000, 0x00000007d7200000)
  object space 83456K, 22% used [0x0000000785600000,0x00000007867f2628,0x000000078a780000)
 PSPermGen       total 21504K, used 13743K [0x000000077b000000, 0x000000077c500000, 0x0000000785600000)
  object space 21504K, 63% used [0x000000077b000000,0x000000077bd6be20,0x000000077c500000)
GC Heap History (6 events):
Event: 0.932 GC heap before
{Heap before GC invocations=1 (full 0):
 PSYoungGen      total 36864K, used 31744K [0x00000007d7200000, 0x00000007d9b00000, 0x0000000800000000)
  eden space 31744K, 100% used [0x00000007d7200000,0x00000007d9100000,0x00000007d9100000)
  from space 5120K, 0% used [0x00000007d9600000,0x00000007d9600000,0x00000007d9b00000)
  to   space 5120K, 0% used [0x00000007d9100000,0x00000007d9100000,0x00000007d9600000)
 ParOldGen       total 83456K, used 0K [0x0000000785600000, 0x000000078a780000, 0x00000007d7200000)
  object space 83456K, 0% used [0x0000000785600000,0x0000000785600000,0x000000078a780000)
 PSPermGen       total 21504K, used 7610K [0x000000077b000000, 0x000000077c500000, 0x0000000785600000)
  object space 21504K, 35% used [0x000000077b000000,0x000000077b76e808,0x000000077c500000)
Event: 0.948 GC heap after
Heap after GC invocations=1 (full 0):
 PSYoungGen      total 36864K, used 5096K [0x00000007d7200000, 0x00000007dba00000, 0x0000000800000000)
  eden space 31744K, 0% used [0x00000007d7200000,0x00000007d7200000,0x00000007d9100000)
  from space 5120K, 99% used [0x00000007d9100000,0x00000007d95fa1d8,0x00000007d9600000)
  to   space 5120K, 0% used [0x00000007db500000,0x00000007db500000,0x00000007dba00000)
 ParOldGen       total 83456K, used 8842K [0x0000000785600000, 0x000000078a780000, 0x00000007d7200000)
  object space 83456K, 10% used [0x0000000785600000,0x0000000785ea2b30,0x000000078a780000)
 PSPermGen       total 21504K, used 7610K [0x000000077b000000, 0x000000077c500000, 0x0000000785600000)
  object space 21504K, 35% used [0x000000077b000000,0x000000077b76e808,0x000000077c500000)
}
Event: 1.246 GC heap before
{Heap before GC invocations=2 (full 0):
 PSYoungGen      total 36864K, used 36840K [0x00000007d7200000, 0x00000007dba00000, 0x0000000800000000)
  eden space 31744K, 100% used [0x00000007d7200000,0x00000007d9100000,0x00000007d9100000)
  from space 5120K, 99% used [0x00000007d9100000,0x00000007d95fa1d8,0x00000007d9600000)
  to   space 5120K, 0% used [0x00000007db500000,0x00000007db500000,0x00000007dba00000)
 ParOldGen       total 83456K, used 8842K [0x0000000785600000, 0x000000078a780000, 0x00000007d7200000)
  object space 83456K, 10% used [0x0000000785600000,0x0000000785ea2b30,0x000000078a780000)
 PSPermGen       total 21504K, used 7653K [0x000000077b000000, 0x000000077c500000, 0x0000000785600000)
  object space 21504K, 35% used [0x000000077b000000,0x000000077b7797b8,0x000000077c500000)
Event: 1.251 GC heap after
Heap after GC invocations=2 (full 0):
 PSYoungGen      total 68608K, used 5111K [0x00000007d7200000, 0x00000007dba00000, 0x0000000800000000)
  eden space 63488K, 0% used [0x00000007d7200000,0x00000007d7200000,0x00000007db000000)
  from space 5120K, 99% used [0x00000007db500000,0x00000007db9fddf0,0x00000007dba00000)
  to   space 5120K, 0% used [0x00000007db000000,0x00000007db000000,0x00000007db500000)
 ParOldGen       total 83456K, used 9610K [0x0000000785600000, 0x000000078a780000, 0x00000007d7200000)
  object space 83456K, 11% used [0x0000000785600000,0x0000000785f62b30,0x000000078a780000)
 PSPermGen       total 21504K, used 7653K [0x000000077b000000, 0x000000077c500000, 0x0000000785600000)
  object space 21504K, 35% used [0x000000077b000000,0x000000077b7797b8,0x000000077c500000)
}
Event: 1.466 GC heap before
{Heap before GC invocations=3 (full 0):
 PSYoungGen      total 68608K, used 68599K [0x00000007d7200000, 0x00000007dba00000, 0x0000000800000000)
  eden space 63488K, 100% used [0x00000007d7200000,0x00000007db000000,0x00000007db000000)
  from space 5120K, 99% used [0x00000007db500000,0x00000007db9fddf0,0x00000007dba00000)
  to   space 5120K, 0% used [0x00000007db000000,0x00000007db000000,0x00000007db500000)
 ParOldGen       total 83456K, used 9610K [0x0000000785600000, 0x000000078a780000, 0x00000007d7200000)
  object space 83456K, 11% used [0x0000000785600000,0x0000000785f62b30,0x000000078a780000)
 PSPermGen       total 21504K, used 7766K [0x000000077b000000, 0x000000077c500000, 0x0000000785600000)
  object space 21504K, 36% used [0x000000077b000000,0x000000077b7959a0,0x000000077c500000)
Event: 1.488 GC heap after
Heap after GC invocations=3 (full 0):
 PSYoungGen      total 68608K, used 5093K [0x00000007d7200000, 0x00000007df800000, 0x0000000800000000)
  eden space 63488K, 0% used [0x00000007d7200000,0x00000007d7200000,0x00000007db000000)
  from space 5120K, 99% used [0x00000007db000000,0x00000007db4f9420,0x00000007db500000)
  to   space 5120K, 0% used [0x00000007df300000,0x00000007df300000,0x00000007df800000)
 ParOldGen       total 83456K, used 18377K [0x0000000785600000, 0x000000078a780000, 0x00000007d7200000)
  object space 83456K, 22% used [0x0000000785600000,0x00000007867f2628,0x000000078a780000)
 PSPermGen       total 21504K, used 7766K [0x000000077b000000, 0x000000077c500000, 0x0000000785600000)
  object space 21504K, 36% used [0x000000077b000000,0x000000077b7959a0,0x000000077c500000)
}

