# JRE version: OpenJDK Runtime Environment (7.0_79-b14) (build 1.7.0_79-b14)
# Java VM: OpenJDK 64-Bit Server VM (24.79-b02 mixed mode linux-amd64 compressed oops)
Heap
 PSYoungGen      total 67584K, used 26284K [0x00000007d7700000, 0x00000007dfb00000, 0x0000000800000000)
  eden space 62464K, 33% used [0x00000007d7700000,0x00000007d8bae4c0,0x00000007db400000)
  from space 5120K, 99% used [0x00000007db400000,0x00000007db8fcc40,0x00000007db900000)
  to   space 5120K, 0% used [0x00000007df600000,0x00000007df600000,0x00000007dfb00000)
 ParOldGen       total 82944K, used 19326K [0x0000000786600000, 0x000000078b700000, 0x00000007d7700000)
  object space 82944K, 23% used [0x0000000786600000,0x00000007878dfa88,0x000000078b700000)
 PSPermGen       total 21504K, used 13691K [0x000000077c000000, 0x000000077d500000, 0x0000000786600000)
  object space 21504K, 63% used [0x000000077c000000,0x000000077cd5ef28,0x000000077d500000)
GC Heap History (6 events):
Event: 1.055 GC heap before
{Heap before GC invocations=1 (full 0):
 PSYoungGen      total 36352K, used 31232K [0x00000007d7700000, 0x00000007d9f80000, 0x0000000800000000)
  eden space 31232K, 100% used [0x00000007d7700000,0x00000007d9580000,0x00000007d9580000)
  from space 5120K, 0% used [0x00000007d9a80000,0x00000007d9a80000,0x00000007d9f80000)
  to   space 5120K, 0% used [0x00000007d9580000,0x00000007d9580000,0x00000007d9a80000)
 ParOldGen       total 82944K, used 0K [0x0000000786600000, 0x000000078b700000, 0x00000007d7700000)
  object space 82944K, 0% used [0x0000000786600000,0x0000000786600000,0x000000078b700000)
 PSPermGen       total 21504K, used 7715K [0x000000077c000000, 0x000000077d500000, 0x0000000786600000)
  object space 21504K, 35% used [0x000000077c000000,0x000000077c788c00,0x000000077d500000)
Event: 1.077 GC heap after
Heap after GC invocations=1 (full 0):
 PSYoungGen      total 36352K, used 5096K [0x00000007d7700000, 0x00000007dbe00000, 0x0000000800000000)
  eden space 31232K, 0% used [0x00000007d7700000,0x00000007d7700000,0x00000007d9580000)
  from space 5120K, 99% used [0x00000007d9580000,0x00000007d9a7a1b8,0x00000007d9a80000)
  to   space 5120K, 0% used [0x00000007db900000,0x00000007db900000,0x00000007dbe00000)
 ParOldGen       total 82944K, used 8624K [0x0000000786600000, 0x000000078b700000, 0x00000007d7700000)
  object space 82944K, 10% used [0x0000000786600000,0x0000000786e6c3d0,0x000000078b700000)
 PSPermGen       total 21504K, used 7715K [0x000000077c000000, 0x000000077d500000, 0x0000000786600000)
  object space 21504K, 35% used [0x000000077c000000,0x000000077c788c00,0x000000077d500000)
}
Event: 1.506 GC heap before
{Heap before GC invocations=2 (full 0):
 PSYoungGen      total 36352K, used 36328K [0x00000007d7700000, 0x00000007dbe00000, 0x0000000800000000)
  eden space 31232K, 100% used [0x00000007d7700000,0x00000007d9580000,0x00000007d9580000)
  from space 5120K, 99% used [0x00000007d9580000,0x00000007d9a7a1b8,0x00000007d9a80000)
  to   space 5120K, 0% used [0x00000007db900000,0x00000007db900000,0x00000007dbe00000)
 ParOldGen       total 82944K, used 8624K [0x0000000786600000, 0x000000078b700000, 0x00000007d7700000)
  object space 82944K, 10% used [0x0000000786600000,0x0000000786e6c3d0,0x000000078b700000)
 PSPermGen       total 21504K, used 7758K [0x000000077c000000, 0x000000077d500000, 0x0000000786600000)
  object space 21504K, 36% used [0x000000077c000000,0x000000077c793bf8,0x000000077d500000)
Event: 1.518 GC heap after
Heap after GC invocations=2 (full 0):
 PSYoungGen      total 67584K, used 5119K [0x00000007d7700000, 0x00000007dbe00000, 0x0000000800000000)
  eden space 62464K, 0% used [0x00000007d7700000,0x00000007d7700000,0x00000007db400000)
  from space 5120K, 99% used [0x00000007db900000,0x00000007dbdfffa8,0x00000007dbe00000)
  to   space 5120K, 0% used [0x00000007db400000,0x00000007db400000,0x00000007db900000)
 ParOldGen       total 82944K, used 9541K [0x0000000786600000, 0x000000078b700000, 0x00000007d7700000)
  object space 82944K, 11% used [0x0000000786600000,0x0000000786f51518,0x000000078b700000)
 PSPermGen       total 21504K, used 7758K [0x000000077c000000, 0x000000077d500000, 0x0000000786600000)
  object space 21504K, 36% used [0x000000077c000000,0x000000077c793bf8,0x000000077d500000)
}
Event: 3.109 GC heap before
{Heap before GC invocations=3 (full 0):
 PSYoungGen      total 67584K, used 67583K [0x00000007d7700000, 0x00000007dbe00000, 0x0000000800000000)
  eden space 62464K, 100% used [0x00000007d7700000,0x00000007db400000,0x00000007db400000)
  from space 5120K, 99% used [0x00000007db900000,0x00000007dbdfffa8,0x00000007dbe00000)
  to   space 5120K, 0% used [0x00000007db400000,0x00000007db400000,0x00000007db900000)
 ParOldGen       total 82944K, used 9541K [0x0000000786600000, 0x000000078b700000, 0x00000007d7700000)
  object space 82944K, 11% used [0x0000000786600000,0x0000000786f51518,0x000000078b700000)
 PSPermGen       total 21504K, used 9833K [0x000000077c000000, 0x000000077d500000, 0x0000000786600000)
  object space 21504K, 45% used [0x000000077c000000,0x000000077c99a590,0x000000077d500000)
Event: 3.133 GC heap after
Heap after GC invocations=3 (full 0):
 PSYoungGen      total 67584K, used 5107K [0x00000007d7700000, 0x00000007dfb00000, 0x0000000800000000)
  eden space 62464K, 0% used [0x00000007d7700000,0x00000007d7700000,0x00000007db400000)
  from space 5120K, 99% used [0x00000007db400000,0x00000007db8fcc40,0x00000007db900000)
  to   space 5120K, 0% used [0x00000007df600000,0x00000007df600000,0x00000007dfb00000)
 ParOldGen       total 82944K, used 19326K [0x0000000786600000, 0x000000078b700000, 0x00000007d7700000)
  object space 82944K, 23% used [0x0000000786600000,0x00000007878dfa88,0x000000078b700000)
 PSPermGen       total 21504K, used 9833K [0x000000077c000000, 0x000000077d500000, 0x0000000786600000)
  object space 21504K, 45% used [0x000000077c000000,0x000000077c99a590,0x000000077d500000)
}

